2024-02-10T00:07:08.744+03:30  INFO 3333 --- [restartedMain] c.e.d.SpringEhsanBoilerplateApplication  : Starting SpringEhsanBoilerplateApplication using Java 17.0.9 with PID 3333 (/media/shavandi/misc/backend_code/java_code/demo/target/classes started by shavandi in /media/shavandi/misc/backend_code/java_code/demo)
2024-02-10T00:07:08.748+03:30  INFO 3333 --- [restartedMain] c.e.d.SpringEhsanBoilerplateApplication  : The following 1 profile is active: "dev"
2024-02-10T00:07:08.796+03:30  INFO 3333 --- [restartedMain] .e.DevToolsPropertyDefaultsPostProcessor : Devtools property defaults active! Set 'spring.devtools.add-properties' to 'false' to disable
2024-02-10T00:07:08.797+03:30  INFO 3333 --- [restartedMain] .e.DevToolsPropertyDefaultsPostProcessor : For additional web related logging consider setting the 'logging.level.web' property to 'DEBUG'
2024-02-10T00:07:09.896+03:30  INFO 3333 --- [restartedMain] .s.d.r.c.RepositoryConfigurationDelegate : Bootstrapping Spring Data JPA repositories in DEFAULT mode.
2024-02-10T00:07:09.955+03:30  INFO 3333 --- [restartedMain] .s.d.r.c.RepositoryConfigurationDelegate : Finished Spring Data repository scanning in 48 ms. Found 5 JPA repository interfaces.
2024-02-10T00:07:10.735+03:30  INFO 3333 --- [restartedMain] o.s.b.w.embedded.tomcat.TomcatWebServer  : Tomcat initialized with port 3000 (http)
2024-02-10T00:07:10.744+03:30  INFO 3333 --- [restartedMain] o.apache.catalina.core.StandardService   : Starting service [Tomcat]
2024-02-10T00:07:10.745+03:30  INFO 3333 --- [restartedMain] o.apache.catalina.core.StandardEngine    : Starting Servlet engine: [Apache Tomcat/10.1.18]
2024-02-10T00:07:10.799+03:30  INFO 3333 --- [restartedMain] o.a.c.c.C.[Tomcat].[localhost].[/]       : Initializing Spring embedded WebApplicationContext
2024-02-10T00:07:10.800+03:30  INFO 3333 --- [restartedMain] w.s.c.ServletWebServerApplicationContext : Root WebApplicationContext: initialization completed in 2003 ms
2024-02-10T00:07:11.122+03:30  INFO 3333 --- [restartedMain] o.hibernate.jpa.internal.util.LogHelper  : HHH000204: Processing PersistenceUnitInfo [name: default]
2024-02-10T00:07:11.206+03:30  INFO 3333 --- [restartedMain] org.hibernate.Version                    : HHH000412: Hibernate ORM core version 6.4.1.Final
2024-02-10T00:07:11.245+03:30  INFO 3333 --- [restartedMain] o.h.c.internal.RegionFactoryInitiator    : HHH000026: Second-level cache disabled
2024-02-10T00:07:11.582+03:30  INFO 3333 --- [restartedMain] o.s.o.j.p.SpringPersistenceUnitInfo      : No LoadTimeWeaver setup: ignoring JPA class transformer
2024-02-10T00:07:11.619+03:30  INFO 3333 --- [restartedMain] com.zaxxer.hikari.HikariDataSource       : HikariPool-1 - Starting...
2024-02-10T00:07:11.868+03:30  INFO 3333 --- [restartedMain] com.zaxxer.hikari.pool.HikariPool        : HikariPool-1 - Added connection org.postgresql.jdbc.PgConnection@3c13d09
2024-02-10T00:07:11.869+03:30  INFO 3333 --- [restartedMain] com.zaxxer.hikari.HikariDataSource       : HikariPool-1 - Start completed.
2024-02-10T00:07:12.765+03:30  INFO 3333 --- [restartedMain] o.h.e.t.j.p.i.JtaPlatformInitiator       : HHH000489: No JTA platform available (set 'hibernate.transaction.jta.platform' to enable JTA platform integration)
2024-02-10T00:07:12.854+03:30  INFO 3333 --- [restartedMain] j.LocalContainerEntityManagerFactoryBean : Initialized JPA EntityManagerFactory for persistence unit 'default'
2024-02-10T00:07:13.339+03:30  INFO 3333 --- [restartedMain] o.s.d.j.r.query.QueryEnhancerFactory     : Hibernate is in classpath; If applicable, HQL parser will be used.
2024-02-10T00:07:13.408+03:30  WARN 3333 --- [restartedMain] JpaBaseConfiguration$JpaWebConfiguration : spring.jpa.open-in-view is enabled by default. Therefore, database queries may be performed during view rendering. Explicitly configure spring.jpa.open-in-view to disable this warning
2024-02-10T00:07:13.851+03:30  INFO 3333 --- [restartedMain] o.s.b.a.e.web.EndpointLinksResolver      : Exposing 15 endpoint(s) beneath base path '/actuator'
2024-02-10T00:07:13.906+03:30  INFO 3333 --- [restartedMain] o.s.s.web.DefaultSecurityFilterChain     : Will secure any request with [org.springframework.security.web.session.DisableEncodeUrlFilter@41b03028, org.springframework.security.web.context.request.async.WebAsyncManagerIntegrationFilter@478312fa, org.springframework.security.web.context.SecurityContextHolderFilter@5975ec8e, org.springframework.security.web.header.HeaderWriterFilter@1d9ef239, org.springframework.web.filter.CorsFilter@54256899, org.springframework.security.web.authentication.logout.LogoutFilter@70803ea6, com.ehsancode.demo.security.Filters.JwtAuthenticationFilter@3870a022, org.springframework.security.web.savedrequest.RequestCacheAwareFilter@7edcb469, org.springframework.security.web.servletapi.SecurityContextHolderAwareRequestFilter@247dfa56, org.springframework.security.web.authentication.AnonymousAuthenticationFilter@2e595, org.springframework.security.web.session.SessionManagementFilter@6a90052, org.springframework.security.web.access.ExceptionTranslationFilter@382001db, org.springframework.security.web.access.intercept.AuthorizationFilter@726877a1]
2024-02-10T00:07:14.180+03:30  INFO 3333 --- [restartedMain] o.s.b.d.a.OptionalLiveReloadServer       : LiveReload server is running on port 35729
2024-02-10T00:07:14.233+03:30  INFO 3333 --- [restartedMain] o.s.b.w.embedded.tomcat.TomcatWebServer  : Tomcat started on port 3000 (http) with context path ''
2024-02-10T00:07:14.244+03:30  INFO 3333 --- [restartedMain] c.e.d.SpringEhsanBoilerplateApplication  : Started SpringEhsanBoilerplateApplication in 5.93 seconds (process running for 6.431)
2024-02-10T00:07:46.356+03:30  INFO 3333 --- [http-nio-3000-exec-1] o.a.c.c.C.[Tomcat].[localhost].[/]       : Initializing Spring DispatcherServlet 'dispatcherServlet'
2024-02-10T00:07:46.356+03:30  INFO 3333 --- [http-nio-3000-exec-1] o.s.web.servlet.DispatcherServlet        : Initializing Servlet 'dispatcherServlet'
2024-02-10T00:07:46.357+03:30  INFO 3333 --- [http-nio-3000-exec-1] o.s.web.servlet.DispatcherServlet        : Completed initialization in 1 ms
2024-02-10T00:09:36.544+03:30  INFO 3333 --- [SpringApplicationShutdownHook] j.LocalContainerEntityManagerFactoryBean : Closing JPA EntityManagerFactory for persistence unit 'default'
2024-02-10T00:09:36.546+03:30  INFO 3333 --- [SpringApplicationShutdownHook] com.zaxxer.hikari.HikariDataSource       : HikariPool-1 - Shutdown initiated...
2024-02-10T00:09:36.549+03:30  INFO 3333 --- [SpringApplicationShutdownHook] com.zaxxer.hikari.HikariDataSource       : HikariPool-1 - Shutdown completed.
2024-02-10T00:33:53.699+03:30  INFO 7296 --- [restartedMain] c.e.d.SpringEhsanBoilerplateApplication  : Starting SpringEhsanBoilerplateApplication using Java 17.0.9 with PID 7296 (/media/shavandi/misc/backend_code/java_code/demo/target/classes started by shavandi in /media/shavandi/misc/backend_code/java_code/demo)
2024-02-10T00:33:53.700+03:30  INFO 7296 --- [restartedMain] c.e.d.SpringEhsanBoilerplateApplication  : The following 1 profile is active: "dev"
2024-02-10T00:33:53.737+03:30  INFO 7296 --- [restartedMain] .e.DevToolsPropertyDefaultsPostProcessor : Devtools property defaults active! Set 'spring.devtools.add-properties' to 'false' to disable
2024-02-10T00:33:53.737+03:30  INFO 7296 --- [restartedMain] .e.DevToolsPropertyDefaultsPostProcessor : For additional web related logging consider setting the 'logging.level.web' property to 'DEBUG'
2024-02-10T00:33:54.499+03:30  INFO 7296 --- [restartedMain] .s.d.r.c.RepositoryConfigurationDelegate : Bootstrapping Spring Data JPA repositories in DEFAULT mode.
2024-02-10T00:33:54.548+03:30  INFO 7296 --- [restartedMain] .s.d.r.c.RepositoryConfigurationDelegate : Finished Spring Data repository scanning in 43 ms. Found 5 JPA repository interfaces.
2024-02-10T00:33:55.149+03:30  INFO 7296 --- [restartedMain] o.s.b.w.embedded.tomcat.TomcatWebServer  : Tomcat initialized with port 3000 (http)
2024-02-10T00:33:55.157+03:30  INFO 7296 --- [restartedMain] o.apache.catalina.core.StandardService   : Starting service [Tomcat]
2024-02-10T00:33:55.158+03:30  INFO 7296 --- [restartedMain] o.apache.catalina.core.StandardEngine    : Starting Servlet engine: [Apache Tomcat/10.1.18]
2024-02-10T00:33:55.199+03:30  INFO 7296 --- [restartedMain] o.a.c.c.C.[Tomcat].[localhost].[/]       : Initializing Spring embedded WebApplicationContext
2024-02-10T00:33:55.200+03:30  INFO 7296 --- [restartedMain] w.s.c.ServletWebServerApplicationContext : Root WebApplicationContext: initialization completed in 1462 ms
2024-02-10T00:33:55.437+03:30  INFO 7296 --- [restartedMain] o.hibernate.jpa.internal.util.LogHelper  : HHH000204: Processing PersistenceUnitInfo [name: default]
2024-02-10T00:33:55.466+03:30  INFO 7296 --- [restartedMain] org.hibernate.Version                    : HHH000412: Hibernate ORM core version 6.4.1.Final
2024-02-10T00:33:55.487+03:30  INFO 7296 --- [restartedMain] o.h.c.internal.RegionFactoryInitiator    : HHH000026: Second-level cache disabled
2024-02-10T00:33:55.614+03:30  INFO 7296 --- [restartedMain] o.s.o.j.p.SpringPersistenceUnitInfo      : No LoadTimeWeaver setup: ignoring JPA class transformer
2024-02-10T00:33:55.630+03:30  INFO 7296 --- [restartedMain] com.zaxxer.hikari.HikariDataSource       : HikariPool-1 - Starting...
2024-02-10T00:33:55.731+03:30  INFO 7296 --- [restartedMain] com.zaxxer.hikari.pool.HikariPool        : HikariPool-1 - Added connection org.postgresql.jdbc.PgConnection@65eb7ae3
2024-02-10T00:33:55.732+03:30  INFO 7296 --- [restartedMain] com.zaxxer.hikari.HikariDataSource       : HikariPool-1 - Start completed.
2024-02-10T00:33:56.369+03:30  INFO 7296 --- [restartedMain] o.h.e.t.j.p.i.JtaPlatformInitiator       : HHH000489: No JTA platform available (set 'hibernate.transaction.jta.platform' to enable JTA platform integration)
2024-02-10T00:33:56.463+03:30  WARN 7296 --- [restartedMain] o.h.engine.jdbc.spi.SqlExceptionHelper   : SQL Warning Code: 0, SQLState: 00000
2024-02-10T00:33:56.463+03:30  WARN 7296 --- [restartedMain] o.h.engine.jdbc.spi.SqlExceptionHelper   : constraint "uk_auuxj7nwc4kw5tnpfl9pqkvpi" of relation "_order" does not exist, skipping
2024-02-10T00:33:56.467+03:30  WARN 7296 --- [restartedMain] o.h.engine.jdbc.spi.SqlExceptionHelper   : SQL Warning Code: 0, SQLState: 00000
2024-02-10T00:33:56.467+03:30  WARN 7296 --- [restartedMain] o.h.engine.jdbc.spi.SqlExceptionHelper   : constraint "uk_k11y3pdtsrjgy8w9b6q4bjwrx" of relation "_user" does not exist, skipping
2024-02-10T00:33:56.494+03:30  INFO 7296 --- [restartedMain] j.LocalContainerEntityManagerFactoryBean : Initialized JPA EntityManagerFactory for persistence unit 'default'
2024-02-10T00:33:56.881+03:30  INFO 7296 --- [restartedMain] o.s.d.j.r.query.QueryEnhancerFactory     : Hibernate is in classpath; If applicable, HQL parser will be used.
2024-02-10T00:33:56.937+03:30  WARN 7296 --- [restartedMain] JpaBaseConfiguration$JpaWebConfiguration : spring.jpa.open-in-view is enabled by default. Therefore, database queries may be performed during view rendering. Explicitly configure spring.jpa.open-in-view to disable this warning
2024-02-10T00:33:57.289+03:30  INFO 7296 --- [restartedMain] o.s.b.a.e.web.EndpointLinksResolver      : Exposing 15 endpoint(s) beneath base path '/actuator'
2024-02-10T00:33:57.341+03:30  INFO 7296 --- [restartedMain] o.s.s.web.DefaultSecurityFilterChain     : Will secure any request with [org.springframework.security.web.session.DisableEncodeUrlFilter@6a6a38f3, org.springframework.security.web.context.request.async.WebAsyncManagerIntegrationFilter@4ccf04f9, org.springframework.security.web.context.SecurityContextHolderFilter@6bfc3a07, org.springframework.security.web.header.HeaderWriterFilter@5a20e37e, org.springframework.web.filter.CorsFilter@7dc3cae2, org.springframework.security.web.authentication.logout.LogoutFilter@5eb8a97b, com.ehsancode.demo.security.Filters.JwtAuthenticationFilter@5deee352, org.springframework.security.web.savedrequest.RequestCacheAwareFilter@681f201b, org.springframework.security.web.servletapi.SecurityContextHolderAwareRequestFilter@4c35e9a9, org.springframework.security.web.authentication.AnonymousAuthenticationFilter@254828d, org.springframework.security.web.session.SessionManagementFilter@409b32d4, org.springframework.security.web.access.ExceptionTranslationFilter@793626c0, org.springframework.security.web.access.intercept.AuthorizationFilter@3ed61425]
2024-02-10T00:33:57.613+03:30  INFO 7296 --- [restartedMain] o.s.b.d.a.OptionalLiveReloadServer       : LiveReload server is running on port 35729
2024-02-10T00:33:57.667+03:30  INFO 7296 --- [restartedMain] o.s.b.w.embedded.tomcat.TomcatWebServer  : Tomcat started on port 3000 (http) with context path ''
2024-02-10T00:33:57.680+03:30  INFO 7296 --- [restartedMain] c.e.d.SpringEhsanBoilerplateApplication  : Started SpringEhsanBoilerplateApplication in 4.334 seconds (process running for 4.643)
2024-02-10T00:45:11.420+03:30  INFO 7296 --- [SpringApplicationShutdownHook] j.LocalContainerEntityManagerFactoryBean : Closing JPA EntityManagerFactory for persistence unit 'default'
2024-02-10T00:45:11.422+03:30  INFO 7296 --- [SpringApplicationShutdownHook] com.zaxxer.hikari.HikariDataSource       : HikariPool-1 - Shutdown initiated...
2024-02-10T00:45:11.424+03:30  INFO 7296 --- [SpringApplicationShutdownHook] com.zaxxer.hikari.HikariDataSource       : HikariPool-1 - Shutdown completed.
2024-02-10T00:45:13.472+03:30  INFO 8020 --- [restartedMain] c.e.d.SpringEhsanBoilerplateApplication  : Starting SpringEhsanBoilerplateApplication using Java 17.0.9 with PID 8020 (/media/shavandi/misc/backend_code/java_code/demo/target/classes started by shavandi in /media/shavandi/misc/backend_code/java_code/demo)
2024-02-10T00:45:13.473+03:30  INFO 8020 --- [restartedMain] c.e.d.SpringEhsanBoilerplateApplication  : The following 1 profile is active: "dev"
2024-02-10T00:45:13.505+03:30  INFO 8020 --- [restartedMain] .e.DevToolsPropertyDefaultsPostProcessor : Devtools property defaults active! Set 'spring.devtools.add-properties' to 'false' to disable
2024-02-10T00:45:13.505+03:30  INFO 8020 --- [restartedMain] .e.DevToolsPropertyDefaultsPostProcessor : For additional web related logging consider setting the 'logging.level.web' property to 'DEBUG'
2024-02-10T00:45:14.296+03:30  INFO 8020 --- [restartedMain] .s.d.r.c.RepositoryConfigurationDelegate : Bootstrapping Spring Data JPA repositories in DEFAULT mode.
2024-02-10T00:45:14.357+03:30  INFO 8020 --- [restartedMain] .s.d.r.c.RepositoryConfigurationDelegate : Finished Spring Data repository scanning in 53 ms. Found 5 JPA repository interfaces.
2024-02-10T00:45:14.931+03:30  INFO 8020 --- [restartedMain] o.s.b.w.embedded.tomcat.TomcatWebServer  : Tomcat initialized with port 3000 (http)
2024-02-10T00:45:14.940+03:30  INFO 8020 --- [restartedMain] o.apache.catalina.core.StandardService   : Starting service [Tomcat]
2024-02-10T00:45:14.940+03:30  INFO 8020 --- [restartedMain] o.apache.catalina.core.StandardEngine    : Starting Servlet engine: [Apache Tomcat/10.1.18]
2024-02-10T00:45:14.975+03:30  INFO 8020 --- [restartedMain] o.a.c.c.C.[Tomcat].[localhost].[/]       : Initializing Spring embedded WebApplicationContext
2024-02-10T00:45:14.975+03:30  INFO 8020 --- [restartedMain] w.s.c.ServletWebServerApplicationContext : Root WebApplicationContext: initialization completed in 1470 ms
2024-02-10T00:45:15.219+03:30  INFO 8020 --- [restartedMain] o.hibernate.jpa.internal.util.LogHelper  : HHH000204: Processing PersistenceUnitInfo [name: default]
2024-02-10T00:45:15.250+03:30  INFO 8020 --- [restartedMain] org.hibernate.Version                    : HHH000412: Hibernate ORM core version 6.4.1.Final
2024-02-10T00:45:15.270+03:30  INFO 8020 --- [restartedMain] o.h.c.internal.RegionFactoryInitiator    : HHH000026: Second-level cache disabled
2024-02-10T00:45:15.399+03:30  INFO 8020 --- [restartedMain] o.s.o.j.p.SpringPersistenceUnitInfo      : No LoadTimeWeaver setup: ignoring JPA class transformer
2024-02-10T00:45:15.421+03:30  INFO 8020 --- [restartedMain] com.zaxxer.hikari.HikariDataSource       : HikariPool-1 - Starting...
2024-02-10T00:45:15.559+03:30  INFO 8020 --- [restartedMain] com.zaxxer.hikari.pool.HikariPool        : HikariPool-1 - Added connection org.postgresql.jdbc.PgConnection@2fe9666f
2024-02-10T00:45:15.561+03:30  INFO 8020 --- [restartedMain] com.zaxxer.hikari.HikariDataSource       : HikariPool-1 - Start completed.
2024-02-10T00:45:16.240+03:30  INFO 8020 --- [restartedMain] o.h.e.t.j.p.i.JtaPlatformInitiator       : HHH000489: No JTA platform available (set 'hibernate.transaction.jta.platform' to enable JTA platform integration)
2024-02-10T00:45:16.312+03:30  WARN 8020 --- [restartedMain] o.h.engine.jdbc.spi.SqlExceptionHelper   : SQL Warning Code: 0, SQLState: 00000
2024-02-10T00:45:16.312+03:30  WARN 8020 --- [restartedMain] o.h.engine.jdbc.spi.SqlExceptionHelper   : constraint "uk_k11y3pdtsrjgy8w9b6q4bjwrx" of relation "_user" does not exist, skipping
2024-02-10T00:45:16.347+03:30  INFO 8020 --- [restartedMain] j.LocalContainerEntityManagerFactoryBean : Initialized JPA EntityManagerFactory for persistence unit 'default'
2024-02-10T00:45:16.715+03:30  INFO 8020 --- [restartedMain] o.s.d.j.r.query.QueryEnhancerFactory     : Hibernate is in classpath; If applicable, HQL parser will be used.
2024-02-10T00:45:16.777+03:30  WARN 8020 --- [restartedMain] JpaBaseConfiguration$JpaWebConfiguration : spring.jpa.open-in-view is enabled by default. Therefore, database queries may be performed during view rendering. Explicitly configure spring.jpa.open-in-view to disable this warning
2024-02-10T00:45:17.145+03:30  INFO 8020 --- [restartedMain] o.s.b.a.e.web.EndpointLinksResolver      : Exposing 15 endpoint(s) beneath base path '/actuator'
2024-02-10T00:45:17.201+03:30  INFO 8020 --- [restartedMain] o.s.s.web.DefaultSecurityFilterChain     : Will secure any request with [org.springframework.security.web.session.DisableEncodeUrlFilter@1d9e4e4c, org.springframework.security.web.context.request.async.WebAsyncManagerIntegrationFilter@3ccedf8e, org.springframework.security.web.context.SecurityContextHolderFilter@71537e1e, org.springframework.security.web.header.HeaderWriterFilter@738d8959, org.springframework.web.filter.CorsFilter@e56e62b, org.springframework.security.web.authentication.logout.LogoutFilter@449a113e, com.ehsancode.demo.security.Filters.JwtAuthenticationFilter@2252b37b, org.springframework.security.web.savedrequest.RequestCacheAwareFilter@3bd407cf, org.springframework.security.web.servletapi.SecurityContextHolderAwareRequestFilter@3eaba222, org.springframework.security.web.authentication.AnonymousAuthenticationFilter@d2947bf, org.springframework.security.web.session.SessionManagementFilter@681f201b, org.springframework.security.web.access.ExceptionTranslationFilter@28f0cafa, org.springframework.security.web.access.intercept.AuthorizationFilter@d9eac99]
2024-02-10T00:45:17.486+03:30  INFO 8020 --- [restartedMain] o.s.b.d.a.OptionalLiveReloadServer       : LiveReload server is running on port 35729
2024-02-10T00:45:17.541+03:30  INFO 8020 --- [restartedMain] o.s.b.w.embedded.tomcat.TomcatWebServer  : Tomcat started on port 3000 (http) with context path ''
2024-02-10T00:45:17.555+03:30  INFO 8020 --- [restartedMain] c.e.d.SpringEhsanBoilerplateApplication  : Started SpringEhsanBoilerplateApplication in 4.465 seconds (process running for 4.858)
2024-02-10T02:14:26.941+03:30  INFO 8020 --- [SpringApplicationShutdownHook] j.LocalContainerEntityManagerFactoryBean : Closing JPA EntityManagerFactory for persistence unit 'default'
2024-02-10T02:14:26.943+03:30  INFO 8020 --- [SpringApplicationShutdownHook] com.zaxxer.hikari.HikariDataSource       : HikariPool-1 - Shutdown initiated...
2024-02-10T02:14:26.945+03:30  INFO 8020 --- [SpringApplicationShutdownHook] com.zaxxer.hikari.HikariDataSource       : HikariPool-1 - Shutdown completed.
